<?xml version="1.0" encoding="UTF-8"?>
<!-- Generated by org.testng.reporters.JUnitXMLReporter -->
<testsuite hostname="LAPTOP-J5E58BQH" name="Default test" tests="12" failures="0" timestamp="11 Mar 2022 07:23:24 GMT" time="137.871" errors="0">
  <testcase name="add_product_feature" time="4.923" classname="retail_assignment.retail"/>
  <testcase name="cancel_mail" time="5.474" classname="retail_assignment.retail"/>
  <testcase name="check_add_product_button" time="2.473" classname="retail_assignment.retail"/>
  <testcase name="check_delete_option" time="1.72" classname="retail_assignment.retail"/>
  <testcase name="check_filter_model" time="3.726" classname="retail_assignment.retail"/>
  <testcase name="check_filter_price" time="3.544" classname="retail_assignment.retail"/>
  <testcase name="check_filter_product_name" time="1.508" classname="retail_assignment.retail"/>
  <testcase name="check_filter_quantity" time="4.191" classname="retail_assignment.retail"/>
  <testcase name="check_filter_status" time="3.773" classname="retail_assignment.retail"/>
  <testcase name="select_catalog_product_option" time="0.97" classname="retail_assignment.retail"/>
  <testcase name="select_mail_option" time="1.399" classname="retail_assignment.retail"/>
  <testcase name="send_mail" time="6.126" classname="retail_assignment.retail"/>
</testsuite> <!-- Default test -->
